<?xml version="1.0" encoding="utf-8"?><testsuites name="pytest tests"><testsuite name="pytest" errors="0" failures="0" skipped="1" tests="95" time="4.155" timestamp="2026-09-19T01:00:19.306751+08:00" hostname="SHWdeMacBook-Pro.local"><testcase classname="tests.test_build" name="test_submission_build_is_deterministic_and_embeds_core" time="1.630" /><testcase classname="tests.test_build" name="test_frozen_config_is_reachable_and_matches_core_defaults" time="0.000" /><testcase classname="tests.test_build" name="test_teacher_sources_are_unchanged" time="0.001" /><testcase classname="tests.test_core" name="test_allocation_contract[2]" time="0.004" /><testcase classname="tests.test_core" name="test_allocation_contract[3]" time="0.002" /><testcase classname="tests.test_core" name="test_allocation_contract[5]" time="0.002" /><testcase classname="tests.test_core" name="test_allocation_contract[20]" time="0.004" /><testcase classname="tests.test_core" name="test_allocation_contract[63]" time="0.011" /><testcase classname="tests.test_core" name="test_allocation_contract[257]" time="0.045" /><testcase classname="tests.test_core" name="test_short_and_full_lookback[1]" time="0.001" /><testcase classname="tests.test_core" name="test_short_and_full_lookback[2]" time="0.011" /><testcase classname="tests.test_core" name="test_short_and_full_lookback[5]" time="0.002" /><testcase classname="tests.test_core" name="test_short_and_full_lookback[20]" time="0.003" /><testcase classname="tests.test_core" name="test_short_and_full_lookback[63]" time="0.002" /><testcase classname="tests.test_core" name="test_short_and_full_lookback[252]" time="0.002" /><testcase classname="tests.test_core" name="test_short_and_full_lookback[400]" time="0.002" /><testcase classname="tests.test_core" name="test_no_input_mutation" time="0.004" /><testcase classname="tests.test_core" name="test_last_252_only" time="0.010" /><testcase classname="tests.test_core" name="test_scale_invariance" time="0.008" /><testcase classname="tests.test_core" name="test_permutation_equivariance_without_ties" time="0.008" /><testcase classname="tests.test_core" name="test_zero_and_duplicate_data" time="0.003" /><testcase classname="tests.test_core" name="test_nan_inf_are_not_imputed_as_riskless" time="0.001" /><testcase classname="tests.test_core" name="test_all_missing_has_explicit_degraded_status" time="0.000" /><testcase classname="tests.test_core" name="test_sparse_common_rows_uses_diagonal_fallback" time="0.001" /><testcase classname="tests.test_core" name="test_huge_finite_values_do_not_overflow" time="0.001" /><testcase classname="tests.test_core" name="test_single_asset_is_flagged" time="0.000" /><testcase classname="tests.test_core" name="test_invalid_contract_rejected[x0]" time="0.000" /><testcase classname="tests.test_core" name="test_invalid_contract_rejected[x1]" time="0.000" /><testcase classname="tests.test_core" name="test_invalid_contract_rejected[x2]" time="0.000" /><testcase classname="tests.test_core" name="test_invalid_contract_rejected[x3]" time="0.000" /><testcase classname="tests.test_core" name="test_covariance_symmetric_positive_definite" time="0.001" /><testcase classname="tests.test_core" name="test_qp_beats_anchor_and_gap_is_small" time="0.003" /><testcase classname="tests.test_core" name="test_qp_forced_nonconvergence_is_explicit" time="0.001" /><testcase classname="tests.test_core" name="test_failed_solver_falls_back_to_real_anchor" time="0.001" /><testcase classname="tests.test_core" name="test_simplex_projection" time="0.000" /><testcase classname="tests.test_core" name="test_bad_hyperparameters_rejected[params0]" time="0.000" /><testcase classname="tests.test_core" name="test_bad_hyperparameters_rejected[params1]" time="0.000" /><testcase classname="tests.test_core" name="test_bad_hyperparameters_rejected[params2]" time="0.001" /><testcase classname="tests.test_core" name="test_bad_hyperparameters_rejected[params3]" time="0.000" /><testcase classname="tests.test_core" name="test_qp_matches_independent_scipy_slsqp[0.0]" time="0.005" /><testcase classname="tests.test_core" name="test_qp_matches_independent_scipy_slsqp[0.3]" time="0.003" /><testcase classname="tests.test_core" name="test_qp_matches_independent_scipy_slsqp[1.0]" time="0.003" /><testcase classname="tests.test_core" name="test_qp_matches_independent_scipy_slsqp[3.0]" time="0.003" /><testcase classname="tests.test_cvxpy_reference" name="test_qp_matches_cvxpy[0.0]" time="0.013" /><testcase classname="tests.test_cvxpy_reference" name="test_qp_matches_cvxpy[0.3]" time="0.005" /><testcase classname="tests.test_cvxpy_reference" name="test_qp_matches_cvxpy[1.0]" time="0.005" /><testcase classname="tests.test_cvxpy_reference" name="test_qp_matches_cvxpy[3.0]" time="0.004" /><testcase classname="tests.test_edge_robustness" name="test_single_asset_returns_full_weight_without_raising" time="0.000" /><testcase classname="tests.test_edge_robustness" name="test_two_assets_always_yield_a_non_equal_valid_portfolio[0]" time="0.001" /><testcase classname="tests.test_edge_robustness" name="test_two_assets_always_yield_a_non_equal_valid_portfolio[1]" time="0.001" /><testcase classname="tests.test_edge_robustness" name="test_two_assets_always_yield_a_non_equal_valid_portfolio[2]" time="0.001" /><testcase classname="tests.test_edge_robustness" name="test_two_assets_always_yield_a_non_equal_valid_portfolio[3]" time="0.001" /><testcase classname="tests.test_edge_robustness" name="test_two_assets_always_yield_a_non_equal_valid_portfolio[4]" time="0.001" /><testcase classname="tests.test_edge_robustness" name="test_two_identical_columns_still_produce_a_valid_portfolio" time="0.001" /><testcase classname="tests.test_edge_robustness" name="test_low_dimension_short_windows[1]" time="0.001" /><testcase classname="tests.test_edge_robustness" name="test_low_dimension_short_windows[2]" time="0.003" /><testcase classname="tests.test_edge_robustness" name="test_low_dimension_short_windows[3]" time="0.004" /><testcase classname="tests.test_edge_robustness" name="test_our_hrp_handles_two_assets_where_skfolio_cannot" time="0.001" /><testcase classname="tests.test_edge_robustness" name="test_documented_skfolio_defect_is_still_real" time="0.001" /><testcase classname="tests.test_edge_robustness" name="test_mp_edge_formula_and_monotonicity" time="0.000" /><testcase classname="tests.test_edge_robustness" name="test_denoised_correlation_is_a_valid_correlation_matrix" time="0.001" /><testcase classname="tests.test_edge_robustness" name="test_denoising_flattens_the_noise_band_and_preserves_the_trace" time="0.001" /><testcase classname="tests.test_edge_robustness" name="test_denoising_is_the_identity_when_every_direction_is_resolvable" time="0.000" /><testcase classname="tests.test_edge_robustness" name="test_denoising_preserves_a_strong_real_factor" time="0.000" /><testcase classname="tests.test_edge_robustness" name="test_denoising_is_skipped_when_the_sample_cannot_resolve_signal[1-300]" time="0.000" /><testcase classname="tests.test_edge_robustness" name="test_denoising_is_skipped_when_the_sample_cannot_resolve_signal[2-3]" time="0.000" /><testcase classname="tests.test_edge_robustness" name="test_denoising_is_skipped_when_the_sample_cannot_resolve_signal[5-7]" time="0.000" /><testcase classname="tests.test_edge_robustness" name="test_denoising_is_skipped_when_the_sample_cannot_resolve_signal[10-12]" time="0.000" /><testcase classname="tests.test_edge_robustness" name="test_denoising_rejects_non_square_input" time="0.000" /><testcase classname="tests.test_edge_robustness" name="test_estimate_covariance_stays_positive_definite_after_cleaning" time="0.004" /><testcase classname="tests.test_edge_robustness" name="test_cleaning_does_not_depend_on_asset_order" time="0.001" /><testcase classname="tests.test_edge_robustness" name="test_wide_cross_section_uses_the_covariance_path" time="0.055" /><testcase classname="tests.test_edge_robustness" name="test_dense_asset_guard_still_fires_above_its_limit" time="0.001" /><testcase classname="tests.test_research" name="test_drawdown_includes_initial_capital" time="0.000" /><testcase classname="tests.test_research" name="test_geometric_return_and_arithmetic_annual_mean_are_distinct" time="0.000" /><testcase classname="tests.test_research" name="test_metrics_zero_volatility_is_not_infinity" time="0.000" /><testcase classname="tests.test_research" name="test_failed_observations_are_not_silently_dropped" time="0.000" /><testcase classname="tests.test_research" name="test_input_dates_must_be_ordered" time="0.006" /><testcase classname="tests.test_research" name="test_split_protects_holdout" time="0.007" /><testcase classname="tests.test_research" name="test_walk_forward_uses_past_only_and_has_all_test_rows" time="0.010" /><testcase classname="tests.test_research" name="test_failed_fit_is_counted_and_no_sharpe_is_reported" time="0.001" /><testcase classname="tests.test_research" name="test_buy_hold_vs_constant_weight_returns" time="0.000" /><testcase classname="tests.test_research" name="test_schur_missing_is_not_substituted_by_another_algorithm" time="0.000"><skipped type="pytest.skip" message="This test covers absent optional dependency only">/Users/shw/Downloads/portfolio-game-round1/tests/test_research.py:70: This test covers absent optional dependency only</skipped></testcase><testcase classname="tests.test_research" name="test_loading_tuning_data_excludes_holdout_before_validation" time="0.005" /><testcase classname="tests.test_selection" name="test_grid_small_and_fixed" time="0.000" /><testcase classname="tests.test_selection" name="test_failed_strategy_cannot_win_selection" time="0.003" /><testcase classname="tests.test_selection" name="test_costs_include_internal_daily_rebalancing" time="0.000" /><testcase classname="tests.test_selection" name="test_end_cut_prevents_future_model_fits" time="0.001" /><testcase classname="tests.test_skfolio_integration" name="test_teacher_import_constructor_clone_fit_predict" time="0.015" /><testcase classname="tests.test_skfolio_integration" name="test_real_walk_forward[20]" time="0.044" /><testcase classname="tests.test_skfolio_integration" name="test_real_walk_forward[63]" time="0.018" /><testcase classname="tests.test_skfolio_integration" name="test_adapter_and_numerical_core_are_identical" time="0.008" /><testcase classname="tests.test_skfolio_integration" name="test_real_adapter_handles_missing_fit_input" time="0.007" /><testcase classname="tests.test_skfolio_integration" name="test_standalone_import_without_repository_on_path" time="0.981" /><testcase classname="tests.test_stress_report" name="test_stress_distinguishes_final_validity_from_optimizer_convergence" time="0.158" /></testsuite></testsuites>