<?xml version="1.0" encoding="utf-8"?><testsuites name="pytest tests"><testsuite name="pytest" errors="0" failures="0" skipped="2" tests="60" time="4.600" timestamp="2026-09-18T13:07:05.413527+00:00" hostname="localhost"><testcase classname="" name="tests.test_cvxpy_reference" time="0.000"><skipped message="collection skipped">('/mnt/data/work/portfolio-game-round1/tests/test_cvxpy_reference.py', 4, 'Skipped: BLOCKED: CVXPY independent reference not installed')</skipped></testcase><testcase classname="" name="tests.test_skfolio_integration" time="0.000"><skipped message="collection skipped">('/mnt/data/work/portfolio-game-round1/tests/test_skfolio_integration.py', 12, 'Skipped: BLOCKED: genuine skfolio is not installed')</skipped></testcase><testcase classname="tests.test_build" name="test_submission_build_is_deterministic_and_embeds_core" time="3.404" /><testcase classname="tests.test_build" name="test_teacher_sources_are_unchanged" time="0.001" /><testcase classname="tests.test_core" name="test_allocation_contract[2]" time="0.701" /><testcase classname="tests.test_core" name="test_allocation_contract[3]" time="0.003" /><testcase classname="tests.test_core" name="test_allocation_contract[5]" time="0.004" /><testcase classname="tests.test_core" name="test_allocation_contract[20]" time="0.006" /><testcase classname="tests.test_core" name="test_allocation_contract[63]" time="0.012" /><testcase classname="tests.test_core" name="test_allocation_contract[257]" time="0.006" /><testcase classname="tests.test_core" name="test_short_and_full_lookback[1]" time="0.001" /><testcase classname="tests.test_core" name="test_short_and_full_lookback[2]" time="0.021" /><testcase classname="tests.test_core" name="test_short_and_full_lookback[5]" time="0.004" /><testcase classname="tests.test_core" name="test_short_and_full_lookback[20]" time="0.005" /><testcase classname="tests.test_core" name="test_short_and_full_lookback[63]" time="0.004" /><testcase classname="tests.test_core" name="test_short_and_full_lookback[252]" time="0.004" /><testcase classname="tests.test_core" name="test_short_and_full_lookback[400]" time="0.004" /><testcase classname="tests.test_core" name="test_no_input_mutation" time="0.006" /><testcase classname="tests.test_core" name="test_last_252_only" time="0.012" /><testcase classname="tests.test_core" name="test_scale_invariance" time="0.011" /><testcase classname="tests.test_core" name="test_permutation_equivariance_without_ties" time="0.011" /><testcase classname="tests.test_core" name="test_zero_and_duplicate_data" time="0.006" /><testcase classname="tests.test_core" name="test_nan_inf_are_not_imputed_as_riskless" time="0.003" /><testcase classname="tests.test_core" name="test_all_missing_has_explicit_degraded_status" time="0.001" /><testcase classname="tests.test_core" name="test_sparse_common_rows_uses_diagonal_fallback" time="0.002" /><testcase classname="tests.test_core" name="test_huge_finite_values_do_not_overflow" time="0.002" /><testcase classname="tests.test_core" name="test_single_asset_is_flagged" time="0.001" /><testcase classname="tests.test_core" name="test_invalid_contract_rejected[x0]" time="0.000" /><testcase classname="tests.test_core" name="test_invalid_contract_rejected[x1]" time="0.000" /><testcase classname="tests.test_core" name="test_invalid_contract_rejected[x2]" time="0.000" /><testcase classname="tests.test_core" name="test_invalid_contract_rejected[x3]" time="0.001" /><testcase classname="tests.test_core" name="test_covariance_symmetric_positive_definite" time="0.001" /><testcase classname="tests.test_core" name="test_qp_beats_anchor_and_gap_is_small" time="0.005" /><testcase classname="tests.test_core" name="test_qp_forced_nonconvergence_is_explicit" time="0.002" /><testcase classname="tests.test_core" name="test_failed_solver_falls_back_to_real_anchor" time="0.002" /><testcase classname="tests.test_core" name="test_simplex_projection" time="0.001" /><testcase classname="tests.test_core" name="test_bad_hyperparameters_rejected[params0]" time="0.001" /><testcase classname="tests.test_core" name="test_bad_hyperparameters_rejected[params1]" time="0.001" /><testcase classname="tests.test_core" name="test_bad_hyperparameters_rejected[params2]" time="0.001" /><testcase classname="tests.test_core" name="test_bad_hyperparameters_rejected[params3]" time="0.001" /><testcase classname="tests.test_core" name="test_qp_matches_independent_scipy_slsqp[0.0]" time="0.009" /><testcase classname="tests.test_core" name="test_qp_matches_independent_scipy_slsqp[0.3]" time="0.007" /><testcase classname="tests.test_core" name="test_qp_matches_independent_scipy_slsqp[1.0]" time="0.007" /><testcase classname="tests.test_core" name="test_qp_matches_independent_scipy_slsqp[3.0]" time="0.007" /><testcase classname="tests.test_research" name="test_drawdown_includes_initial_capital" time="0.002" /><testcase classname="tests.test_research" name="test_geometric_return_and_arithmetic_annual_mean_are_distinct" time="0.000" /><testcase classname="tests.test_research" name="test_metrics_zero_volatility_is_not_infinity" time="0.000" /><testcase classname="tests.test_research" name="test_failed_observations_are_not_silently_dropped" time="0.000" /><testcase classname="tests.test_research" name="test_input_dates_must_be_ordered" time="0.004" /><testcase classname="tests.test_research" name="test_split_protects_holdout" time="0.014" /><testcase classname="tests.test_research" name="test_walk_forward_uses_past_only_and_has_all_test_rows" time="0.022" /><testcase classname="tests.test_research" name="test_failed_fit_is_counted_and_no_sharpe_is_reported" time="0.003" /><testcase classname="tests.test_research" name="test_buy_hold_vs_constant_weight_returns" time="0.000" /><testcase classname="tests.test_research" name="test_schur_missing_is_not_substituted_by_another_algorithm" time="0.001" /><testcase classname="tests.test_research" name="test_loading_tuning_data_excludes_holdout_before_validation" time="0.006" /><testcase classname="tests.test_selection" name="test_grid_small_and_fixed" time="0.002" /><testcase classname="tests.test_selection" name="test_failed_strategy_cannot_win_selection" time="0.002" /><testcase classname="tests.test_selection" name="test_costs_include_internal_daily_rebalancing" time="0.000" /><testcase classname="tests.test_selection" name="test_end_cut_prevents_future_model_fits" time="0.003" /><testcase classname="tests.test_stress_report" name="test_stress_distinguishes_final_validity_from_optimizer_convergence" time="0.198" /></testsuite></testsuites>